  main.c
C:\Users\erick\source\repos\uefi-simple\.vs\msvc\motor.h(30,9): warning C4005: 'CONST': redefinición de macro
C:\Users\erick\source\repos\uefi-simple\.vs\msvc\KernelTextMode.h(389,30): warning C4244: 'función': conversión de 'UINTN' a 'UINT32'; posible pérdida de datos
C:\Users\erick\source\repos\uefi-simple\.vs\msvc\KernelTextMode.h(389,52): warning C4244: 'función': conversión de 'UINTN' a 'UINT32'; posible pérdida de datos
C:\Users\erick\source\repos\uefi-simple\.vs\msvc\KernelTextMode.h(472,27): warning C4047: 'return': 'CHAR16' es distinto en los niveles de direccionamiento indirecto de 'unsigned short [6]'
C:\Users\erick\source\repos\uefi-simple\.vs\msvc\KernelTextMode.h(473,27): warning C4047: 'return': 'CHAR16' es distinto en los niveles de direccionamiento indirecto de 'unsigned short [6]'
C:\Users\erick\source\repos\uefi-simple\.vs\msvc\KernelTextMode.h(474,26): warning C4047: 'return': 'CHAR16' es distinto en los niveles de direccionamiento indirecto de 'unsigned short [5]'
C:\Users\erick\source\repos\uefi-simple\.vs\msvc\KernelTextMode.h(475,30): warning C4047: 'return': 'CHAR16' es distinto en los niveles de direccionamiento indirecto de 'unsigned short [9]'
C:\Users\erick\source\repos\uefi-simple\.vs\msvc\KernelTextMode.h(476,29): warning C4047: 'return': 'CHAR16' es distinto en los niveles de direccionamiento indirecto de 'unsigned short [8]'
C:\Users\erick\source\repos\uefi-simple\.vs\msvc\KernelTextMode.h(477,25): warning C4047: 'return': 'CHAR16' es distinto en los niveles de direccionamiento indirecto de 'unsigned short [4]'
C:\Users\erick\source\repos\uefi-simple\.vs\msvc\KernelTextMode.h(478,27): warning C4047: 'return': 'CHAR16' es distinto en los niveles de direccionamiento indirecto de 'unsigned short [6]'
C:\Users\erick\source\repos\uefi-simple\.vs\msvc\KernelTextMode.h(479,32): warning C4047: 'return': 'CHAR16' es distinto en los niveles de direccionamiento indirecto de 'unsigned short [11]'
C:\Users\erick\source\repos\uefi-simple\.vs\msvc\KernelTextMode.h(480,28): warning C4047: 'return': 'CHAR16' es distinto en los niveles de direccionamiento indirecto de 'unsigned short [7]'
C:\Users\erick\source\repos\uefi-simple\.vs\msvc\KernelTextMode.h(481,30): warning C4047: 'return': 'CHAR16' es distinto en los niveles de direccionamiento indirecto de 'unsigned short [9]'
C:\Users\erick\source\repos\uefi-simple\.vs\msvc\KernelTextMode.h(482,32): warning C4047: 'return': 'CHAR16' es distinto en los niveles de direccionamiento indirecto de 'unsigned short [11]'
C:\Users\erick\source\repos\uefi-simple\.vs\msvc\KernelTextMode.h(483,28): warning C4047: 'return': 'CHAR16' es distinto en los niveles de direccionamiento indirecto de 'unsigned short [7]'
C:\Users\erick\source\repos\uefi-simple\.vs\msvc\KernelTextMode.h(484,30): warning C4047: 'return': 'CHAR16' es distinto en los niveles de direccionamiento indirecto de 'unsigned short [9]'
C:\Users\erick\source\repos\uefi-simple\.vs\msvc\KernelTextMode.h(485,31): warning C4047: 'return': 'CHAR16' es distinto en los niveles de direccionamiento indirecto de 'unsigned short [10]'
C:\Users\erick\source\repos\uefi-simple\.vs\msvc\KernelTextMode.h(486,27): warning C4047: 'return': 'CHAR16' es distinto en los niveles de direccionamiento indirecto de 'unsigned short [6]'
C:\Users\erick\source\repos\uefi-simple\.vs\msvc\KernelTextMode.h(487,29): warning C4047: 'return': 'CHAR16' es distinto en los niveles de direccionamiento indirecto de 'unsigned short [8]'
C:\Users\erick\source\repos\uefi-simple\.vs\msvc\KernelTextMode.h(488,30): warning C4047: 'return': 'CHAR16' es distinto en los niveles de direccionamiento indirecto de 'unsigned short [9]'
C:\Users\erick\source\repos\uefi-simple\.vs\msvc\KernelTextMode.h(489,26): warning C4047: 'return': 'CHAR16' es distinto en los niveles de direccionamiento indirecto de 'unsigned short [5]'
C:\Users\erick\source\repos\uefi-simple\.vs\msvc\KernelTextMode.h(490,28): warning C4047: 'return': 'CHAR16' es distinto en los niveles de direccionamiento indirecto de 'unsigned short [7]'
C:\Users\erick\source\repos\uefi-simple\.vs\msvc\KernelTextMode.h(491,30): warning C4047: 'return': 'CHAR16' es distinto en los niveles de direccionamiento indirecto de 'unsigned short [9]'
C:\Users\erick\source\repos\uefi-simple\.vs\msvc\KernelTextMode.h(492,26): warning C4047: 'return': 'CHAR16' es distinto en los niveles de direccionamiento indirecto de 'unsigned short [5]'
C:\Users\erick\source\repos\uefi-simple\.vs\msvc\KernelTextMode.h(493,28): warning C4047: 'return': 'CHAR16' es distinto en los niveles de direccionamiento indirecto de 'unsigned short [7]'
C:\Users\erick\source\repos\uefi-simple\.vs\msvc\KernelTextMode.h(495,5): warning C4047: 'return': 'CHAR16' es distinto en los niveles de direccionamiento indirecto de 'unsigned short [6]'
C:\Users\erick\source\repos\uefi-simple\.vs\msvc\KernelTextMode.h(518,13): warning C4047: '=': 'UINT16' es distinto en los niveles de direccionamiento indirecto de 'VOID *'
C:\Users\erick\source\repos\uefi-simple\.vs\msvc\KernelTextMode.h(519,13): warning C4047: '=': 'UINT16' es distinto en los niveles de direccionamiento indirecto de 'VOID *'
C:\Users\erick\source\repos\uefi-simple\.vs\msvc\KernelTextMode.h(534,23): warning C4047: '==': 'INTN *' es distinto en los niveles de direccionamiento indirecto de 'UINTN'
C:\Users\erick\source\repos\uefi-simple\.vs\msvc\KernelTextMode.h(555,36): warning C4047: '!=': 'int' es distinto en los niveles de direccionamiento indirecto de 'VOID *'
C:\Users\erick\source\repos\uefi-simple\.vs\msvc\KernelTextMode.h(594,23): warning C4244: '=': conversión de 'INTN' a 'UINT16'; posible pérdida de datos
C:\Users\erick\source\repos\uefi-simple\.vs\msvc\KernelTextMode.h(595,23): warning C4244: '=': conversión de 'INTN' a 'UINT16'; posible pérdida de datos
C:\Users\erick\source\repos\uefi-simple\.vs\msvc\KernelTextMode.h(604,25): warning C4018: '>': no coinciden signed/unsigned
C:\Users\erick\source\repos\uefi-simple\.vs\msvc\KernelTextMode.h(611,36): warning C4244: '=': conversión de 'INTN' a 'UINT16'; posible pérdida de datos
C:\Users\erick\source\repos\uefi-simple\.vs\msvc\KernelTextMode.h(612,36): warning C4244: '=': conversión de 'INTN' a 'UINT16'; posible pérdida de datos
C:\Users\erick\source\repos\uefi-simple\.vs\msvc\KernelTextMode.h(1234,26): warning C4018: '<': no coinciden signed/unsigned
C:\Users\erick\source\repos\uefi-simple\.vs\msvc\KernelTextMode.h(1238,38): warning C4244: 'función': conversión de 'UINTN' a 'UINT32'; posible pérdida de datos
C:\Users\erick\source\repos\uefi-simple\.vs\msvc\KernelTextMode.h(1238,60): warning C4244: 'función': conversión de 'UINTN' a 'UINT32'; posible pérdida de datos
C:\Users\erick\source\repos\uefi-simple\.vs\msvc\KernelTextMode.h(1244,11): warning C4018: '<': no coinciden signed/unsigned
C:\Users\erick\source\repos\uefi-simple\.vs\msvc\KernelTextMode.h(1264,40): warning C4018: '<': no coinciden signed/unsigned
C:\Users\erick\source\repos\uefi-simple\.vs\msvc\KernelTextMode.h(1406,20): warning C4018: '<': no coinciden signed/unsigned
C:\Users\erick\source\repos\uefi-simple\.vs\msvc\KernelTextMode.h(1439,22): warning C4047: '=': 'INTN' es distinto en los niveles de direccionamiento indirecto de 'INTN *'
C:\Users\erick\source\repos\uefi-simple\.vs\msvc\KernelTextMode.h(1449,73): warning C4244: 'función': conversión de 'INTN' a 'UINT8'; posible pérdida de datos
C:\Users\erick\source\repos\uefi-simple\.vs\msvc\KernelTextMode.h(1449,79): warning C4244: 'función': conversión de 'INTN' a 'INT8'; posible pérdida de datos
C:\Users\erick\source\repos\uefi-simple\.vs\msvc\KernelTextMode.h(1452,73): warning C4244: 'función': conversión de 'INTN' a 'UINT8'; posible pérdida de datos
C:\Users\erick\source\repos\uefi-simple\.vs\msvc\KernelTextMode.h(1452,79): warning C4244: 'función': conversión de 'INTN' a 'INT8'; posible pérdida de datos
C:\Users\erick\source\repos\uefi-simple\.vs\msvc\KernelTextMode.h(1395,9): warning C4047: 'inicializando': 'INTN' es distinto en los niveles de direccionamiento indirecto de 'INTN *'
C:\Users\erick\source\repos\uefi-simple\.vs\msvc\KernelTextMode.h(1396,9): warning C4047: 'inicializando': 'INTN' es distinto en los niveles de direccionamiento indirecto de 'INTN *'
C:\Users\erick\source\repos\uefi-simple\.vs\msvc\KernelTextMode.h(1494,9): warning C4047: 'función': 'INTN *' es distinto en los niveles de direccionamiento indirecto de 'INTN'
C:\Users\erick\source\repos\uefi-simple\.vs\msvc\KernelTextMode.h(1494,9): warning C4024: 'printf': tipos distintos para el parámetro formal y el parámetro real 3
C:\Users\erick\source\repos\uefi-simple\.vs\msvc\KernelTextMode.h(1495,9): warning C4047: 'función': 'INTN *' es distinto en los niveles de direccionamiento indirecto de 'INTN'
C:\Users\erick\source\repos\uefi-simple\.vs\msvc\KernelTextMode.h(1495,9): warning C4024: 'printf': tipos distintos para el parámetro formal y el parámetro real 4
C:\Users\erick\source\repos\uefi-simple\.vs\msvc\KernelTextMode.h(1787,55): warning C4047: 'función': 'UINTN *' es distinto en los niveles de direccionamiento indirecto de 'int'
C:\Users\erick\source\repos\uefi-simple\.vs\msvc\KernelTextMode.h(1787,55): warning C4024: 'función mediante puntero': tipos distintos para el parámetro formal y el parámetro real 3
C:\Users\erick\source\repos\uefi-simple\.vs\msvc\ErickBinaryFormat.h(340,20): warning C4047: '!=': 'int' es distinto en los niveles de direccionamiento indirecto de 'VOID *'
C:\Users\erick\source\repos\uefi-simple\.vs\msvc\ErickBinaryFormat.h(343,13): warning C4267: '=': conversión de 'size_t' a 'u16'; posible pérdida de datos
C:\Users\erick\source\repos\uefi-simple\.vs\msvc\ErickBinaryFormat.h(765,23): warning C4244: '=': conversión de 'unsigned __int64' a 't16'; posible pérdida de datos
C:\Users\erick\source\repos\uefi-simple\.vs\msvc\ErickBinaryFormat.h(800,24): warning C4244: '=': conversión de 'unsigned __int64' a 't16'; posible pérdida de datos
C:\Users\erick\source\repos\uefi-simple\.vs\msvc\ErickBinaryFormat.h(957,26): warning C4047: 'función': 'INTN *' es distinto en los niveles de direccionamiento indirecto de 'int'
C:\Users\erick\source\repos\uefi-simple\.vs\msvc\ErickBinaryFormat.h(957,26): warning C4024: 'SetScreenAtribute': tipos distintos para el parámetro formal y el parámetro real 1
C:\Users\erick\source\repos\uefi-simple\.vs\msvc\ErickBinaryFormat.h(1041,51): warning C4047: 'función': 'UINTN *' es distinto en los niveles de direccionamiento indirecto de 'int'
C:\Users\erick\source\repos\uefi-simple\.vs\msvc\ErickBinaryFormat.h(1041,51): warning C4024: 'función mediante puntero': tipos distintos para el parámetro formal y el parámetro real 3
C:\Users\erick\source\repos\uefi-simple\.vs\msvc\ErickBinaryFormat.h(1196,26): warning C4020: 'ValueToHex': hay demasiados parámetros reales
C:\Users\erick\source\repos\uefi-simple\.vs\msvc\ErickBinaryFormat.h(1253,24): warning C4244: '=': conversión de 'unsigned __int64' a 't16'; posible pérdida de datos
C:\Users\erick\source\repos\uefi-simple\.vs\msvc\ErickBinaryFormat.h(1274,24): warning C4244: '=': conversión de 'unsigned __int64' a 't16'; posible pérdida de datos
C:\Users\erick\source\repos\uefi-simple\.vs\msvc\ErickBinaryFormat.h(1295,24): warning C4244: '=': conversión de 'unsigned __int64' a 't16'; posible pérdida de datos
C:\Users\erick\source\repos\uefi-simple\.vs\msvc\ErickBinaryFormat.h(1316,24): warning C4244: '=': conversión de 'unsigned __int64' a 't16'; posible pérdida de datos
C:\Users\erick\source\repos\uefi-simple\.vs\msvc\ErickBinaryFormat.h(1324,9): warning C4047: '!=': 'int' es distinto en los niveles de direccionamiento indirecto de 'VOID *'
C:\Users\erick\source\repos\uefi-simple\.vs\msvc\ErickBinaryFormat.h(1352,50): warning C4047: 'función': 'UINTN *' es distinto en los niveles de direccionamiento indirecto de 'int'
C:\Users\erick\source\repos\uefi-simple\.vs\msvc\ErickBinaryFormat.h(1352,50): warning C4024: 'función mediante puntero': tipos distintos para el parámetro formal y el parámetro real 3
C:\Users\erick\source\repos\uefi-simple\.vs\msvc\ErickBinaryFormat.h(1231,36): warning C4244: 'inicializando': conversión de 't16' a 'UINT8'; posible pérdida de datos
C:\Users\erick\source\repos\uefi-simple\.vs\msvc\ErickBinaryFormat.h(1231,57): warning C4244: 'inicializando': conversión de 't16' a 'UINT8'; posible pérdida de datos
C:\Users\erick\source\repos\uefi-simple\.vs\msvc\ErickBinaryFormat.h(1231,78): warning C4244: 'inicializando': conversión de 't16' a 'UINT8'; posible pérdida de datos
C:\Users\erick\source\repos\uefi-simple\.vs\msvc\ErickBinaryFormat.h(546,19): warning C4101: 'reader': variable local sin referencia
C:\Users\erick\source\repos\uefi-simple\main.c(136,78): warning C4047: 'función': 'UINTN *' es distinto en los niveles de direccionamiento indirecto de 'EFI_EVENT *'
C:\Users\erick\source\repos\uefi-simple\main.c(136,78): warning C4024: 'función mediante puntero': tipos distintos para el parámetro formal y el parámetro real 3
C:\Users\erick\source\repos\uefi-simple\.vs\msvc\KernelTextMode.h(1823,1): warning C4716: 'YNConfirmation': debe devolver un valor
C:\Users\erick\source\repos\uefi-simple\.vs\msvc\ErickBinaryFormat.h(760,1): warning C4700: se utilizó la variable local 'search_s' sin inicializar
C:\Users\erick\source\repos\uefi-simple\.vs\msvc\ErickBinaryFormat.h(795,1): warning C4700: se utilizó la variable local 'search_s' sin inicializar
C:\Users\erick\source\repos\uefi-simple\.vs\msvc\ErickBinaryFormat.h(1248,1): warning C4700: se utilizó la variable local 'search_s' sin inicializar
C:\Users\erick\source\repos\uefi-simple\.vs\msvc\ErickBinaryFormat.h(1269,1): warning C4700: se utilizó la variable local 'search_s' sin inicializar
C:\Users\erick\source\repos\uefi-simple\.vs\msvc\ErickBinaryFormat.h(1290,1): warning C4700: se utilizó la variable local 'search_s' sin inicializar
C:\Users\erick\source\repos\uefi-simple\.vs\msvc\ErickBinaryFormat.h(1311,1): warning C4700: se utilizó la variable local 'search_s' sin inicializar
  uefi-simple.vcxproj -> C:\Users\erick\Source\Repos\uefi-simple\x64\Debug\uefi-simple.efi
