  main.c
C:\Users\erick\OneDrive\ErickCraftStudiosMgrChannel\Saved Proyects\KellyBootloaderCode\KellyBootloader\.vs\msvc\motor.h(1335,5): warning C4047: 'return': 'ch16' es distinto en los niveles de direccionamiento indirecto de 'ch16 *'
  (compilando archivo de origen "../../main.c")
  
C:\Users\erick\OneDrive\ErickCraftStudiosMgrChannel\Saved Proyects\KellyBootloaderCode\KellyBootloader\.vs\msvc\Console.h(918,30): warning C4244: 'función': conversión de 'UINTN' a 'UINT32'; posible pérdida de datos
  (compilando archivo de origen "../../main.c")
  
C:\Users\erick\OneDrive\ErickCraftStudiosMgrChannel\Saved Proyects\KellyBootloaderCode\KellyBootloader\.vs\msvc\Console.h(918,52): warning C4244: 'función': conversión de 'UINTN' a 'UINT32'; posible pérdida de datos
  (compilando archivo de origen "../../main.c")
  
C:\Users\erick\OneDrive\ErickCraftStudiosMgrChannel\Saved Proyects\KellyBootloaderCode\KellyBootloader\.vs\msvc\Console.h(1015,27): warning C4047: 'return': 'CHAR16' es distinto en los niveles de direccionamiento indirecto de 'unsigned short [6]'
  (compilando archivo de origen "../../main.c")
  
C:\Users\erick\OneDrive\ErickCraftStudiosMgrChannel\Saved Proyects\KellyBootloaderCode\KellyBootloader\.vs\msvc\Console.h(1016,27): warning C4047: 'return': 'CHAR16' es distinto en los niveles de direccionamiento indirecto de 'unsigned short [6]'
  (compilando archivo de origen "../../main.c")
  
C:\Users\erick\OneDrive\ErickCraftStudiosMgrChannel\Saved Proyects\KellyBootloaderCode\KellyBootloader\.vs\msvc\Console.h(1017,26): warning C4047: 'return': 'CHAR16' es distinto en los niveles de direccionamiento indirecto de 'unsigned short [5]'
  (compilando archivo de origen "../../main.c")
  
C:\Users\erick\OneDrive\ErickCraftStudiosMgrChannel\Saved Proyects\KellyBootloaderCode\KellyBootloader\.vs\msvc\Console.h(1018,30): warning C4047: 'return': 'CHAR16' es distinto en los niveles de direccionamiento indirecto de 'unsigned short [9]'
  (compilando archivo de origen "../../main.c")
  
C:\Users\erick\OneDrive\ErickCraftStudiosMgrChannel\Saved Proyects\KellyBootloaderCode\KellyBootloader\.vs\msvc\Console.h(1019,29): warning C4047: 'return': 'CHAR16' es distinto en los niveles de direccionamiento indirecto de 'unsigned short [8]'
  (compilando archivo de origen "../../main.c")
  
C:\Users\erick\OneDrive\ErickCraftStudiosMgrChannel\Saved Proyects\KellyBootloaderCode\KellyBootloader\.vs\msvc\Console.h(1020,25): warning C4047: 'return': 'CHAR16' es distinto en los niveles de direccionamiento indirecto de 'unsigned short [4]'
  (compilando archivo de origen "../../main.c")
  
C:\Users\erick\OneDrive\ErickCraftStudiosMgrChannel\Saved Proyects\KellyBootloaderCode\KellyBootloader\.vs\msvc\Console.h(1021,27): warning C4047: 'return': 'CHAR16' es distinto en los niveles de direccionamiento indirecto de 'unsigned short [6]'
  (compilando archivo de origen "../../main.c")
  
C:\Users\erick\OneDrive\ErickCraftStudiosMgrChannel\Saved Proyects\KellyBootloaderCode\KellyBootloader\.vs\msvc\Console.h(1022,32): warning C4047: 'return': 'CHAR16' es distinto en los niveles de direccionamiento indirecto de 'unsigned short [11]'
  (compilando archivo de origen "../../main.c")
  
C:\Users\erick\OneDrive\ErickCraftStudiosMgrChannel\Saved Proyects\KellyBootloaderCode\KellyBootloader\.vs\msvc\Console.h(1023,28): warning C4047: 'return': 'CHAR16' es distinto en los niveles de direccionamiento indirecto de 'unsigned short [7]'
  (compilando archivo de origen "../../main.c")
  
C:\Users\erick\OneDrive\ErickCraftStudiosMgrChannel\Saved Proyects\KellyBootloaderCode\KellyBootloader\.vs\msvc\Console.h(1024,30): warning C4047: 'return': 'CHAR16' es distinto en los niveles de direccionamiento indirecto de 'unsigned short [9]'
  (compilando archivo de origen "../../main.c")
  
C:\Users\erick\OneDrive\ErickCraftStudiosMgrChannel\Saved Proyects\KellyBootloaderCode\KellyBootloader\.vs\msvc\Console.h(1025,32): warning C4047: 'return': 'CHAR16' es distinto en los niveles de direccionamiento indirecto de 'unsigned short [11]'
  (compilando archivo de origen "../../main.c")
  
C:\Users\erick\OneDrive\ErickCraftStudiosMgrChannel\Saved Proyects\KellyBootloaderCode\KellyBootloader\.vs\msvc\Console.h(1026,28): warning C4047: 'return': 'CHAR16' es distinto en los niveles de direccionamiento indirecto de 'unsigned short [7]'
  (compilando archivo de origen "../../main.c")
  
C:\Users\erick\OneDrive\ErickCraftStudiosMgrChannel\Saved Proyects\KellyBootloaderCode\KellyBootloader\.vs\msvc\Console.h(1027,30): warning C4047: 'return': 'CHAR16' es distinto en los niveles de direccionamiento indirecto de 'unsigned short [9]'
  (compilando archivo de origen "../../main.c")
  
C:\Users\erick\OneDrive\ErickCraftStudiosMgrChannel\Saved Proyects\KellyBootloaderCode\KellyBootloader\.vs\msvc\Console.h(1028,31): warning C4047: 'return': 'CHAR16' es distinto en los niveles de direccionamiento indirecto de 'unsigned short [10]'
  (compilando archivo de origen "../../main.c")
  
C:\Users\erick\OneDrive\ErickCraftStudiosMgrChannel\Saved Proyects\KellyBootloaderCode\KellyBootloader\.vs\msvc\Console.h(1029,27): warning C4047: 'return': 'CHAR16' es distinto en los niveles de direccionamiento indirecto de 'unsigned short [6]'
  (compilando archivo de origen "../../main.c")
  
C:\Users\erick\OneDrive\ErickCraftStudiosMgrChannel\Saved Proyects\KellyBootloaderCode\KellyBootloader\.vs\msvc\Console.h(1030,29): warning C4047: 'return': 'CHAR16' es distinto en los niveles de direccionamiento indirecto de 'unsigned short [8]'
  (compilando archivo de origen "../../main.c")
  
C:\Users\erick\OneDrive\ErickCraftStudiosMgrChannel\Saved Proyects\KellyBootloaderCode\KellyBootloader\.vs\msvc\Console.h(1031,30): warning C4047: 'return': 'CHAR16' es distinto en los niveles de direccionamiento indirecto de 'unsigned short [9]'
  (compilando archivo de origen "../../main.c")
  
C:\Users\erick\OneDrive\ErickCraftStudiosMgrChannel\Saved Proyects\KellyBootloaderCode\KellyBootloader\.vs\msvc\Console.h(1032,26): warning C4047: 'return': 'CHAR16' es distinto en los niveles de direccionamiento indirecto de 'unsigned short [5]'
  (compilando archivo de origen "../../main.c")
  
C:\Users\erick\OneDrive\ErickCraftStudiosMgrChannel\Saved Proyects\KellyBootloaderCode\KellyBootloader\.vs\msvc\Console.h(1033,28): warning C4047: 'return': 'CHAR16' es distinto en los niveles de direccionamiento indirecto de 'unsigned short [7]'
  (compilando archivo de origen "../../main.c")
  
C:\Users\erick\OneDrive\ErickCraftStudiosMgrChannel\Saved Proyects\KellyBootloaderCode\KellyBootloader\.vs\msvc\Console.h(1034,30): warning C4047: 'return': 'CHAR16' es distinto en los niveles de direccionamiento indirecto de 'unsigned short [9]'
  (compilando archivo de origen "../../main.c")
  
C:\Users\erick\OneDrive\ErickCraftStudiosMgrChannel\Saved Proyects\KellyBootloaderCode\KellyBootloader\.vs\msvc\Console.h(1035,26): warning C4047: 'return': 'CHAR16' es distinto en los niveles de direccionamiento indirecto de 'unsigned short [5]'
  (compilando archivo de origen "../../main.c")
  
C:\Users\erick\OneDrive\ErickCraftStudiosMgrChannel\Saved Proyects\KellyBootloaderCode\KellyBootloader\.vs\msvc\Console.h(1036,28): warning C4047: 'return': 'CHAR16' es distinto en los niveles de direccionamiento indirecto de 'unsigned short [7]'
  (compilando archivo de origen "../../main.c")
  
C:\Users\erick\OneDrive\ErickCraftStudiosMgrChannel\Saved Proyects\KellyBootloaderCode\KellyBootloader\.vs\msvc\Console.h(1038,5): warning C4047: 'return': 'CHAR16' es distinto en los niveles de direccionamiento indirecto de 'unsigned short [6]'
  (compilando archivo de origen "../../main.c")
  
C:\Users\erick\OneDrive\ErickCraftStudiosMgrChannel\Saved Proyects\KellyBootloaderCode\KellyBootloader\.vs\msvc\Console.h(1066,13): warning C4047: '=': 'UINT16' es distinto en los niveles de direccionamiento indirecto de 'VOID *'
  (compilando archivo de origen "../../main.c")
  
C:\Users\erick\OneDrive\ErickCraftStudiosMgrChannel\Saved Proyects\KellyBootloaderCode\KellyBootloader\.vs\msvc\Console.h(1067,13): warning C4047: '=': 'UINT16' es distinto en los niveles de direccionamiento indirecto de 'VOID *'
  (compilando archivo de origen "../../main.c")
  
C:\Users\erick\OneDrive\ErickCraftStudiosMgrChannel\Saved Proyects\KellyBootloaderCode\KellyBootloader\.vs\msvc\Console.h(1090,23): warning C4047: '==': 'INTN *' es distinto en los niveles de direccionamiento indirecto de 'UINTN'
  (compilando archivo de origen "../../main.c")
  
C:\Users\erick\OneDrive\ErickCraftStudiosMgrChannel\Saved Proyects\KellyBootloaderCode\KellyBootloader\.vs\msvc\Console.h(1120,36): warning C4047: '!=': 'int' es distinto en los niveles de direccionamiento indirecto de 'VOID *'
  (compilando archivo de origen "../../main.c")
  
C:\Users\erick\OneDrive\ErickCraftStudiosMgrChannel\Saved Proyects\KellyBootloaderCode\KellyBootloader\.vs\msvc\Console.h(1159,23): warning C4244: '=': conversión de 'INTN' a 'UINT16'; posible pérdida de datos
  (compilando archivo de origen "../../main.c")
  
C:\Users\erick\OneDrive\ErickCraftStudiosMgrChannel\Saved Proyects\KellyBootloaderCode\KellyBootloader\.vs\msvc\Console.h(1160,23): warning C4244: '=': conversión de 'INTN' a 'UINT16'; posible pérdida de datos
  (compilando archivo de origen "../../main.c")
  
C:\Users\erick\OneDrive\ErickCraftStudiosMgrChannel\Saved Proyects\KellyBootloaderCode\KellyBootloader\.vs\msvc\Console.h(1169,25): warning C4018: '>': no coinciden signed/unsigned
  (compilando archivo de origen "../../main.c")
  
C:\Users\erick\OneDrive\ErickCraftStudiosMgrChannel\Saved Proyects\KellyBootloaderCode\KellyBootloader\.vs\msvc\Console.h(1176,36): warning C4244: '=': conversión de 'INTN' a 'UINT16'; posible pérdida de datos
  (compilando archivo de origen "../../main.c")
  
C:\Users\erick\OneDrive\ErickCraftStudiosMgrChannel\Saved Proyects\KellyBootloaderCode\KellyBootloader\.vs\msvc\Console.h(1177,36): warning C4244: '=': conversión de 'INTN' a 'UINT16'; posible pérdida de datos
  (compilando archivo de origen "../../main.c")
  
C:\Users\erick\OneDrive\ErickCraftStudiosMgrChannel\Saved Proyects\KellyBootloaderCode\KellyBootloader\.vs\msvc\Console.h(1784,26): warning C4018: '<': no coinciden signed/unsigned
  (compilando archivo de origen "../../main.c")
  
C:\Users\erick\OneDrive\ErickCraftStudiosMgrChannel\Saved Proyects\KellyBootloaderCode\KellyBootloader\.vs\msvc\Console.h(1788,38): warning C4244: 'función': conversión de 'UINTN' a 'UINT32'; posible pérdida de datos
  (compilando archivo de origen "../../main.c")
  
C:\Users\erick\OneDrive\ErickCraftStudiosMgrChannel\Saved Proyects\KellyBootloaderCode\KellyBootloader\.vs\msvc\Console.h(1788,60): warning C4244: 'función': conversión de 'UINTN' a 'UINT32'; posible pérdida de datos
  (compilando archivo de origen "../../main.c")
  
C:\Users\erick\OneDrive\ErickCraftStudiosMgrChannel\Saved Proyects\KellyBootloaderCode\KellyBootloader\.vs\msvc\Console.h(1794,11): warning C4018: '<': no coinciden signed/unsigned
  (compilando archivo de origen "../../main.c")
  
C:\Users\erick\OneDrive\ErickCraftStudiosMgrChannel\Saved Proyects\KellyBootloaderCode\KellyBootloader\.vs\msvc\Console.h(1824,40): warning C4018: '<': no coinciden signed/unsigned
  (compilando archivo de origen "../../main.c")
  
C:\Users\erick\OneDrive\ErickCraftStudiosMgrChannel\Saved Proyects\KellyBootloaderCode\KellyBootloader\.vs\msvc\Console.h(1950,20): warning C4018: '<': no coinciden signed/unsigned
  (compilando archivo de origen "../../main.c")
  
C:\Users\erick\OneDrive\ErickCraftStudiosMgrChannel\Saved Proyects\KellyBootloaderCode\KellyBootloader\.vs\msvc\Console.h(1983,22): warning C4047: '=': 'INTN' es distinto en los niveles de direccionamiento indirecto de 'INTN *'
  (compilando archivo de origen "../../main.c")
  
C:\Users\erick\OneDrive\ErickCraftStudiosMgrChannel\Saved Proyects\KellyBootloaderCode\KellyBootloader\.vs\msvc\Console.h(1993,73): warning C4244: 'función': conversión de 'INTN' a 'UINT8'; posible pérdida de datos
  (compilando archivo de origen "../../main.c")
  
C:\Users\erick\OneDrive\ErickCraftStudiosMgrChannel\Saved Proyects\KellyBootloaderCode\KellyBootloader\.vs\msvc\Console.h(1993,79): warning C4244: 'función': conversión de 'INTN' a 'INT8'; posible pérdida de datos
  (compilando archivo de origen "../../main.c")
  
C:\Users\erick\OneDrive\ErickCraftStudiosMgrChannel\Saved Proyects\KellyBootloaderCode\KellyBootloader\.vs\msvc\Console.h(1996,73): warning C4244: 'función': conversión de 'INTN' a 'UINT8'; posible pérdida de datos
  (compilando archivo de origen "../../main.c")
  
C:\Users\erick\OneDrive\ErickCraftStudiosMgrChannel\Saved Proyects\KellyBootloaderCode\KellyBootloader\.vs\msvc\Console.h(1996,79): warning C4244: 'función': conversión de 'INTN' a 'INT8'; posible pérdida de datos
  (compilando archivo de origen "../../main.c")
  
C:\Users\erick\OneDrive\ErickCraftStudiosMgrChannel\Saved Proyects\KellyBootloaderCode\KellyBootloader\.vs\msvc\Console.h(1939,9): warning C4047: 'inicializando': 'INTN' es distinto en los niveles de direccionamiento indirecto de 'INTN *'
  (compilando archivo de origen "../../main.c")
  
C:\Users\erick\OneDrive\ErickCraftStudiosMgrChannel\Saved Proyects\KellyBootloaderCode\KellyBootloader\.vs\msvc\Console.h(1940,9): warning C4047: 'inicializando': 'INTN' es distinto en los niveles de direccionamiento indirecto de 'INTN *'
  (compilando archivo de origen "../../main.c")
  
C:\Users\erick\OneDrive\ErickCraftStudiosMgrChannel\Saved Proyects\KellyBootloaderCode\KellyBootloader\.vs\msvc\Console.h(2048,9): warning C4047: 'función': 'INTN *' es distinto en los niveles de direccionamiento indirecto de 'INTN'
  (compilando archivo de origen "../../main.c")
  
C:\Users\erick\OneDrive\ErickCraftStudiosMgrChannel\Saved Proyects\KellyBootloaderCode\KellyBootloader\.vs\msvc\Console.h(2048,9): warning C4024: 'printf': tipos distintos para el parámetro formal y el parámetro real 3
  (compilando archivo de origen "../../main.c")
  
C:\Users\erick\OneDrive\ErickCraftStudiosMgrChannel\Saved Proyects\KellyBootloaderCode\KellyBootloader\.vs\msvc\Console.h(2049,9): warning C4047: 'función': 'INTN *' es distinto en los niveles de direccionamiento indirecto de 'INTN'
  (compilando archivo de origen "../../main.c")
  
C:\Users\erick\OneDrive\ErickCraftStudiosMgrChannel\Saved Proyects\KellyBootloaderCode\KellyBootloader\.vs\msvc\Console.h(2049,9): warning C4024: 'printf': tipos distintos para el parámetro formal y el parámetro real 4
  (compilando archivo de origen "../../main.c")
  
C:\Users\erick\OneDrive\ErickCraftStudiosMgrChannel\Saved Proyects\KellyBootloaderCode\KellyBootloader\.vs\msvc\Console.h(2303,55): warning C4047: 'función': 'UINTN *' es distinto en los niveles de direccionamiento indirecto de 'int'
  (compilando archivo de origen "../../main.c")
  
C:\Users\erick\OneDrive\ErickCraftStudiosMgrChannel\Saved Proyects\KellyBootloaderCode\KellyBootloader\.vs\msvc\Console.h(2303,55): warning C4024: 'función mediante puntero': tipos distintos para el parámetro formal y el parámetro real 3
  (compilando archivo de origen "../../main.c")
  
C:\Users\erick\OneDrive\ErickCraftStudiosMgrChannel\Saved Proyects\KellyBootloaderCode\KellyBootloader\.vs\msvc\ErickBinaryFormat.h(291,23): warning C4047: '!=': 'int' es distinto en los niveles de direccionamiento indirecto de 'VOID *'
  (compilando archivo de origen "../../main.c")
  
C:\Users\erick\OneDrive\ErickCraftStudiosMgrChannel\Saved Proyects\KellyBootloaderCode\KellyBootloader\.vs\msvc\ErickBinaryFormat.h(331,20): warning C4047: '==': 'int' es distinto en los niveles de direccionamiento indirecto de 'VOID *'
  (compilando archivo de origen "../../main.c")
  
C:\Users\erick\OneDrive\ErickCraftStudiosMgrChannel\Saved Proyects\KellyBootloaderCode\KellyBootloader\.vs\msvc\ErickBinaryFormat.h(334,13): warning C4267: '=': conversión de 'size_t' a 't16'; posible pérdida de datos
  (compilando archivo de origen "../../main.c")
  
C:\Users\erick\OneDrive\ErickCraftStudiosMgrChannel\Saved Proyects\KellyBootloaderCode\KellyBootloader\.vs\msvc\ErickBinaryFormat.h(464,29): warning C4244: 'función': conversión de 'u64' a 't16'; posible pérdida de datos
  (compilando archivo de origen "../../main.c")
  
C:\Users\erick\OneDrive\ErickCraftStudiosMgrChannel\Saved Proyects\KellyBootloaderCode\KellyBootloader\.vs\msvc\ErickBinaryFormat.h(569,23): warning C4018: '<': no coinciden signed/unsigned
  (compilando archivo de origen "../../main.c")
  
C:\Users\erick\OneDrive\ErickCraftStudiosMgrChannel\Saved Proyects\KellyBootloaderCode\KellyBootloader\.vs\msvc\ErickBinaryFormat.h(612,20): warning C4047: 'función': 'INTN *' es distinto en los niveles de direccionamiento indirecto de 'int'
  (compilando archivo de origen "../../main.c")
  
C:\Users\erick\OneDrive\ErickCraftStudiosMgrChannel\Saved Proyects\KellyBootloaderCode\KellyBootloader\.vs\msvc\ErickBinaryFormat.h(612,20): warning C4024: 'SetScreenAtribute': tipos distintos para el parámetro formal y el parámetro real 1
  (compilando archivo de origen "../../main.c")
  
C:\Users\erick\OneDrive\ErickCraftStudiosMgrChannel\Saved Proyects\KellyBootloaderCode\KellyBootloader\.vs\msvc\ErickBinaryFormat.h(622,21): warning C4047: 'función': 'INTN *' es distinto en los niveles de direccionamiento indirecto de 'int'
  (compilando archivo de origen "../../main.c")
  
C:\Users\erick\OneDrive\ErickCraftStudiosMgrChannel\Saved Proyects\KellyBootloaderCode\KellyBootloader\.vs\msvc\ErickBinaryFormat.h(622,21): warning C4024: 'SetScreenAtribute': tipos distintos para el parámetro formal y el parámetro real 1
  (compilando archivo de origen "../../main.c")
  
C:\Users\erick\OneDrive\ErickCraftStudiosMgrChannel\Saved Proyects\KellyBootloaderCode\KellyBootloader\.vs\msvc\ErickBinaryFormat.h(632,21): warning C4047: 'función': 'INTN *' es distinto en los niveles de direccionamiento indirecto de 'int'
  (compilando archivo de origen "../../main.c")
  
C:\Users\erick\OneDrive\ErickCraftStudiosMgrChannel\Saved Proyects\KellyBootloaderCode\KellyBootloader\.vs\msvc\ErickBinaryFormat.h(632,21): warning C4024: 'SetScreenAtribute': tipos distintos para el parámetro formal y el parámetro real 1
  (compilando archivo de origen "../../main.c")
  
C:\Users\erick\OneDrive\ErickCraftStudiosMgrChannel\Saved Proyects\KellyBootloaderCode\KellyBootloader\.vs\msvc\ErickBinaryFormat.h(641,21): warning C4047: 'función': 'INTN *' es distinto en los niveles de direccionamiento indirecto de 'int'
  (compilando archivo de origen "../../main.c")
  
C:\Users\erick\OneDrive\ErickCraftStudiosMgrChannel\Saved Proyects\KellyBootloaderCode\KellyBootloader\.vs\msvc\ErickBinaryFormat.h(641,21): warning C4024: 'SetScreenAtribute': tipos distintos para el parámetro formal y el parámetro real 1
  (compilando archivo de origen "../../main.c")
  
C:\Users\erick\OneDrive\ErickCraftStudiosMgrChannel\Saved Proyects\KellyBootloaderCode\KellyBootloader\.vs\msvc\ErickBinaryFormat.h(656,19): warning C4018: '>': no coinciden signed/unsigned
  (compilando archivo de origen "../../main.c")
  
C:\Users\erick\OneDrive\ErickCraftStudiosMgrChannel\Saved Proyects\KellyBootloaderCode\KellyBootloader\.vs\msvc\ErickBinaryFormat.h(668,13): warning C4018: '>': no coinciden signed/unsigned
  (compilando archivo de origen "../../main.c")
  
C:\Users\erick\OneDrive\ErickCraftStudiosMgrChannel\Saved Proyects\KellyBootloaderCode\KellyBootloader\.vs\msvc\ErickBinaryFormat.h(678,22): warning C4047: 'función': 'INTN *' es distinto en los niveles de direccionamiento indirecto de 'int'
  (compilando archivo de origen "../../main.c")
  
C:\Users\erick\OneDrive\ErickCraftStudiosMgrChannel\Saved Proyects\KellyBootloaderCode\KellyBootloader\.vs\msvc\ErickBinaryFormat.h(678,22): warning C4024: 'SetScreenAtribute': tipos distintos para el parámetro formal y el parámetro real 1
  (compilando archivo de origen "../../main.c")
  
C:\Users\erick\OneDrive\ErickCraftStudiosMgrChannel\Saved Proyects\KellyBootloaderCode\KellyBootloader\.vs\msvc\ErickBinaryFormat.h(691,23): warning C4047: 'función': 'INTN *' es distinto en los niveles de direccionamiento indirecto de 'int'
  (compilando archivo de origen "../../main.c")
  
C:\Users\erick\OneDrive\ErickCraftStudiosMgrChannel\Saved Proyects\KellyBootloaderCode\KellyBootloader\.vs\msvc\ErickBinaryFormat.h(691,23): warning C4024: 'SetScreenAtribute': tipos distintos para el parámetro formal y el parámetro real 1
  (compilando archivo de origen "../../main.c")
  
C:\Users\erick\OneDrive\ErickCraftStudiosMgrChannel\Saved Proyects\KellyBootloaderCode\KellyBootloader\.vs\msvc\ErickBinaryFormat.h(706,22): warning C4047: 'función': 'INTN *' es distinto en los niveles de direccionamiento indirecto de 'int'
  (compilando archivo de origen "../../main.c")
  
C:\Users\erick\OneDrive\ErickCraftStudiosMgrChannel\Saved Proyects\KellyBootloaderCode\KellyBootloader\.vs\msvc\ErickBinaryFormat.h(706,22): warning C4024: 'SetScreenAtribute': tipos distintos para el parámetro formal y el parámetro real 1
  (compilando archivo de origen "../../main.c")
  
C:\Users\erick\OneDrive\ErickCraftStudiosMgrChannel\Saved Proyects\KellyBootloaderCode\KellyBootloader\.vs\msvc\ErickBinaryFormat.h(717,21): warning C4047: 'función': 'INTN *' es distinto en los niveles de direccionamiento indirecto de 'int'
  (compilando archivo de origen "../../main.c")
  
C:\Users\erick\OneDrive\ErickCraftStudiosMgrChannel\Saved Proyects\KellyBootloaderCode\KellyBootloader\.vs\msvc\ErickBinaryFormat.h(717,21): warning C4024: 'SetScreenAtribute': tipos distintos para el parámetro formal y el parámetro real 1
  (compilando archivo de origen "../../main.c")
  
C:\Users\erick\OneDrive\ErickCraftStudiosMgrChannel\Saved Proyects\KellyBootloaderCode\KellyBootloader\.vs\msvc\ErickBinaryFormat.h(742,21): warning C4047: 'función': 'INTN *' es distinto en los niveles de direccionamiento indirecto de 'int'
  (compilando archivo de origen "../../main.c")
  
C:\Users\erick\OneDrive\ErickCraftStudiosMgrChannel\Saved Proyects\KellyBootloaderCode\KellyBootloader\.vs\msvc\ErickBinaryFormat.h(742,21): warning C4024: 'SetScreenAtribute': tipos distintos para el parámetro formal y el parámetro real 1
  (compilando archivo de origen "../../main.c")
  
C:\Users\erick\OneDrive\ErickCraftStudiosMgrChannel\Saved Proyects\KellyBootloaderCode\KellyBootloader\.vs\msvc\ErickBinaryFormat.h(916,14): warning C4244: 'inicializando': conversión de 'UINTN' a 't16'; posible pérdida de datos
  (compilando archivo de origen "../../main.c")
  
C:\Users\erick\OneDrive\ErickCraftStudiosMgrChannel\Saved Proyects\KellyBootloaderCode\KellyBootloader\.vs\msvc\ErickBinaryFormat.h(1365,25): warning C4244: '=': conversión de 'u64' a 't16'; posible pérdida de datos
  (compilando archivo de origen "../../main.c")
  
C:\Users\erick\OneDrive\ErickCraftStudiosMgrChannel\Saved Proyects\KellyBootloaderCode\KellyBootloader\.vs\msvc\ErickBinaryFormat.h(1437,24): warning C4244: '=': conversión de 'u64' a 't16'; posible pérdida de datos
  (compilando archivo de origen "../../main.c")
  
C:\Users\erick\OneDrive\ErickCraftStudiosMgrChannel\Saved Proyects\KellyBootloaderCode\KellyBootloader\.vs\msvc\ErickBinaryFormat.h(1600,26): warning C4047: 'función': 'INTN *' es distinto en los niveles de direccionamiento indirecto de 'int'
  (compilando archivo de origen "../../main.c")
  
C:\Users\erick\OneDrive\ErickCraftStudiosMgrChannel\Saved Proyects\KellyBootloaderCode\KellyBootloader\.vs\msvc\ErickBinaryFormat.h(1600,26): warning C4024: 'SetScreenAtribute': tipos distintos para el parámetro formal y el parámetro real 1
  (compilando archivo de origen "../../main.c")
  
C:\Users\erick\OneDrive\ErickCraftStudiosMgrChannel\Saved Proyects\KellyBootloaderCode\KellyBootloader\.vs\msvc\ErickBinaryFormat.h(1684,51): warning C4047: 'función': 'UINTN *' es distinto en los niveles de direccionamiento indirecto de 'int'
  (compilando archivo de origen "../../main.c")
  
C:\Users\erick\OneDrive\ErickCraftStudiosMgrChannel\Saved Proyects\KellyBootloaderCode\KellyBootloader\.vs\msvc\ErickBinaryFormat.h(1684,51): warning C4024: 'función mediante puntero': tipos distintos para el parámetro formal y el parámetro real 3
  (compilando archivo de origen "../../main.c")
  
C:\Users\erick\OneDrive\ErickCraftStudiosMgrChannel\Saved Proyects\KellyBootloaderCode\KellyBootloader\.vs\msvc\ErickBinaryFormat.h(2165,24): warning C4244: '=': conversión de 'u64' a 't16'; posible pérdida de datos
  (compilando archivo de origen "../../main.c")
  
C:\Users\erick\OneDrive\ErickCraftStudiosMgrChannel\Saved Proyects\KellyBootloaderCode\KellyBootloader\.vs\msvc\ErickBinaryFormat.h(2193,24): warning C4244: '=': conversión de 'unsigned __int64' a 't16'; posible pérdida de datos
  (compilando archivo de origen "../../main.c")
  
C:\Users\erick\OneDrive\ErickCraftStudiosMgrChannel\Saved Proyects\KellyBootloaderCode\KellyBootloader\.vs\msvc\ErickBinaryFormat.h(2214,24): warning C4244: '=': conversión de 'unsigned __int64' a 't16'; posible pérdida de datos
  (compilando archivo de origen "../../main.c")
  
C:\Users\erick\OneDrive\ErickCraftStudiosMgrChannel\Saved Proyects\KellyBootloaderCode\KellyBootloader\.vs\msvc\ErickBinaryFormat.h(2235,24): warning C4244: '=': conversión de 'unsigned __int64' a 't16'; posible pérdida de datos
  (compilando archivo de origen "../../main.c")
  
C:\Users\erick\OneDrive\ErickCraftStudiosMgrChannel\Saved Proyects\KellyBootloaderCode\KellyBootloader\.vs\msvc\ErickBinaryFormat.h(2247,22): warning C4047: 'función': 'INTN *' es distinto en los niveles de direccionamiento indirecto de 'int'
  (compilando archivo de origen "../../main.c")
  
C:\Users\erick\OneDrive\ErickCraftStudiosMgrChannel\Saved Proyects\KellyBootloaderCode\KellyBootloader\.vs\msvc\ErickBinaryFormat.h(2247,22): warning C4024: 'SetScreenAtribute': tipos distintos para el parámetro formal y el parámetro real 1
  (compilando archivo de origen "../../main.c")
  
C:\Users\erick\OneDrive\ErickCraftStudiosMgrChannel\Saved Proyects\KellyBootloaderCode\KellyBootloader\.vs\msvc\ErickBinaryFormat.h(2029,36): warning C4244: 'inicializando': conversión de 't16' a 'UINT8'; posible pérdida de datos
  (compilando archivo de origen "../../main.c")
  
C:\Users\erick\OneDrive\ErickCraftStudiosMgrChannel\Saved Proyects\KellyBootloaderCode\KellyBootloader\.vs\msvc\ErickBinaryFormat.h(2029,57): warning C4244: 'inicializando': conversión de 't16' a 'UINT8'; posible pérdida de datos
  (compilando archivo de origen "../../main.c")
  
C:\Users\erick\OneDrive\ErickCraftStudiosMgrChannel\Saved Proyects\KellyBootloaderCode\KellyBootloader\.vs\msvc\ErickBinaryFormat.h(2029,78): warning C4244: 'inicializando': conversión de 't16' a 'UINT8'; posible pérdida de datos
  (compilando archivo de origen "../../main.c")
  
C:\Users\erick\OneDrive\ErickCraftStudiosMgrChannel\Saved Proyects\KellyBootloaderCode\KellyBootloader\.vs\msvc\ErickBinaryFormat.h(2448,23): warning C4244: 'return': conversión de 'UINTN' a 'ch16'; posible pérdida de datos
  (compilando archivo de origen "../../main.c")
  
C:\Users\erick\OneDrive\ErickCraftStudiosMgrChannel\Saved Proyects\KellyBootloaderCode\KellyBootloader\main.c(200,35): warning C4047: 'función': 'UINTN *' es distinto en los niveles de direccionamiento indirecto de 'UINTN'
C:\Users\erick\OneDrive\ErickCraftStudiosMgrChannel\Saved Proyects\KellyBootloaderCode\KellyBootloader\main.c(200,35): warning C4024: 'función mediante puntero': tipos distintos para el parámetro formal y el parámetro real 2
C:\Users\erick\OneDrive\ErickCraftStudiosMgrChannel\Saved Proyects\KellyBootloaderCode\KellyBootloader\main.c(368,23): warning C4018: '<': no coinciden signed/unsigned
C:\Users\erick\OneDrive\ErickCraftStudiosMgrChannel\Saved Proyects\KellyBootloaderCode\KellyBootloader\main.c(592,9): warning C4047: 'función': 'CHAR16 *' es distinto en los niveles de direccionamiento indirecto de 'CHAR16 (*)[1024]'
C:\Users\erick\OneDrive\ErickCraftStudiosMgrChannel\Saved Proyects\KellyBootloaderCode\KellyBootloader\main.c(592,9): warning C4024: 'StrCpy': tipos distintos para el parámetro formal y el parámetro real 1
C:\Users\erick\OneDrive\ErickCraftStudiosMgrChannel\Saved Proyects\KellyBootloaderCode\KellyBootloader\main.c(648,21): warning C4047: 'función': 'INTN *' es distinto en los niveles de direccionamiento indirecto de 'int'
C:\Users\erick\OneDrive\ErickCraftStudiosMgrChannel\Saved Proyects\KellyBootloaderCode\KellyBootloader\main.c(648,21): warning C4024: 'SetScreenAtribute': tipos distintos para el parámetro formal y el parámetro real 1
C:\Users\erick\OneDrive\ErickCraftStudiosMgrChannel\Saved Proyects\KellyBootloaderCode\KellyBootloader\main.c(652,21): warning C4047: 'función': 'INTN *' es distinto en los niveles de direccionamiento indirecto de 'int'
C:\Users\erick\OneDrive\ErickCraftStudiosMgrChannel\Saved Proyects\KellyBootloaderCode\KellyBootloader\main.c(652,21): warning C4024: 'SetScreenAtribute': tipos distintos para el parámetro formal y el parámetro real 1
C:\Users\erick\OneDrive\ErickCraftStudiosMgrChannel\Saved Proyects\KellyBootloaderCode\KellyBootloader\main.c(671,21): warning C4047: 'función': 'INTN *' es distinto en los niveles de direccionamiento indirecto de 'int'
C:\Users\erick\OneDrive\ErickCraftStudiosMgrChannel\Saved Proyects\KellyBootloaderCode\KellyBootloader\main.c(671,21): warning C4024: 'SetScreenAtribute': tipos distintos para el parámetro formal y el parámetro real 1
C:\Users\erick\OneDrive\ErickCraftStudiosMgrChannel\Saved Proyects\KellyBootloaderCode\KellyBootloader\main.c(673,21): warning C4047: 'función': 'INTN *' es distinto en los niveles de direccionamiento indirecto de 'int'
C:\Users\erick\OneDrive\ErickCraftStudiosMgrChannel\Saved Proyects\KellyBootloaderCode\KellyBootloader\main.c(673,21): warning C4024: 'SetScreenAtribute': tipos distintos para el parámetro formal y el parámetro real 1
C:\Users\erick\OneDrive\ErickCraftStudiosMgrChannel\Saved Proyects\KellyBootloaderCode\KellyBootloader\main.c(678,22): warning C4047: 'función': 'INTN *' es distinto en los niveles de direccionamiento indirecto de 'int'
C:\Users\erick\OneDrive\ErickCraftStudiosMgrChannel\Saved Proyects\KellyBootloaderCode\KellyBootloader\main.c(678,22): warning C4024: 'SetScreenAtribute': tipos distintos para el parámetro formal y el parámetro real 1
C:\Users\erick\OneDrive\ErickCraftStudiosMgrChannel\Saved Proyects\KellyBootloaderCode\KellyBootloader\main.c(683,21): warning C4047: 'función': 'INTN *' es distinto en los niveles de direccionamiento indirecto de 'int'
C:\Users\erick\OneDrive\ErickCraftStudiosMgrChannel\Saved Proyects\KellyBootloaderCode\KellyBootloader\main.c(683,21): warning C4024: 'SetScreenAtribute': tipos distintos para el parámetro formal y el parámetro real 1
C:\Users\erick\OneDrive\ErickCraftStudiosMgrChannel\Saved Proyects\KellyBootloaderCode\KellyBootloader\main.c(685,21): warning C4047: 'función': 'INTN *' es distinto en los niveles de direccionamiento indirecto de 'int'
C:\Users\erick\OneDrive\ErickCraftStudiosMgrChannel\Saved Proyects\KellyBootloaderCode\KellyBootloader\main.c(685,21): warning C4024: 'SetScreenAtribute': tipos distintos para el parámetro formal y el parámetro real 1
C:\Users\erick\OneDrive\ErickCraftStudiosMgrChannel\Saved Proyects\KellyBootloaderCode\KellyBootloader\main.c(690,22): warning C4047: 'función': 'INTN *' es distinto en los niveles de direccionamiento indirecto de 'int'
C:\Users\erick\OneDrive\ErickCraftStudiosMgrChannel\Saved Proyects\KellyBootloaderCode\KellyBootloader\main.c(690,22): warning C4024: 'SetScreenAtribute': tipos distintos para el parámetro formal y el parámetro real 1
C:\Users\erick\OneDrive\ErickCraftStudiosMgrChannel\Saved Proyects\KellyBootloaderCode\KellyBootloader\main.c(694,21): warning C4047: 'función': 'INTN *' es distinto en los niveles de direccionamiento indirecto de 'int'
C:\Users\erick\OneDrive\ErickCraftStudiosMgrChannel\Saved Proyects\KellyBootloaderCode\KellyBootloader\main.c(694,21): warning C4024: 'SetScreenAtribute': tipos distintos para el parámetro formal y el parámetro real 1
C:\Users\erick\OneDrive\ErickCraftStudiosMgrChannel\Saved Proyects\KellyBootloaderCode\KellyBootloader\main.c(696,21): warning C4047: 'función': 'INTN *' es distinto en los niveles de direccionamiento indirecto de 'int'
C:\Users\erick\OneDrive\ErickCraftStudiosMgrChannel\Saved Proyects\KellyBootloaderCode\KellyBootloader\main.c(696,21): warning C4024: 'SetScreenAtribute': tipos distintos para el parámetro formal y el parámetro real 1
C:\Users\erick\OneDrive\ErickCraftStudiosMgrChannel\Saved Proyects\KellyBootloaderCode\KellyBootloader\main.c(701,22): warning C4047: 'función': 'INTN *' es distinto en los niveles de direccionamiento indirecto de 'int'
C:\Users\erick\OneDrive\ErickCraftStudiosMgrChannel\Saved Proyects\KellyBootloaderCode\KellyBootloader\main.c(701,22): warning C4024: 'SetScreenAtribute': tipos distintos para el parámetro formal y el parámetro real 1
C:\Users\erick\OneDrive\ErickCraftStudiosMgrChannel\Saved Proyects\KellyBootloaderCode\KellyBootloader\main.c(706,21): warning C4047: 'función': 'INTN *' es distinto en los niveles de direccionamiento indirecto de 'int'
C:\Users\erick\OneDrive\ErickCraftStudiosMgrChannel\Saved Proyects\KellyBootloaderCode\KellyBootloader\main.c(706,21): warning C4024: 'SetScreenAtribute': tipos distintos para el parámetro formal y el parámetro real 1
C:\Users\erick\OneDrive\ErickCraftStudiosMgrChannel\Saved Proyects\KellyBootloaderCode\KellyBootloader\main.c(717,21): warning C4047: 'función': 'INTN *' es distinto en los niveles de direccionamiento indirecto de 'int'
C:\Users\erick\OneDrive\ErickCraftStudiosMgrChannel\Saved Proyects\KellyBootloaderCode\KellyBootloader\main.c(717,21): warning C4024: 'SetScreenAtribute': tipos distintos para el parámetro formal y el parámetro real 1
C:\Users\erick\OneDrive\ErickCraftStudiosMgrChannel\Saved Proyects\KellyBootloaderCode\KellyBootloader\main.c(723,21): warning C4047: 'función': 'INTN *' es distinto en los niveles de direccionamiento indirecto de 'int'
C:\Users\erick\OneDrive\ErickCraftStudiosMgrChannel\Saved Proyects\KellyBootloaderCode\KellyBootloader\main.c(723,21): warning C4024: 'SetScreenAtribute': tipos distintos para el parámetro formal y el parámetro real 1
C:\Users\erick\OneDrive\ErickCraftStudiosMgrChannel\Saved Proyects\KellyBootloaderCode\KellyBootloader\main.c(1040,21): warning C4047: 'función': 'INTN *' es distinto en los niveles de direccionamiento indirecto de 'int'
C:\Users\erick\OneDrive\ErickCraftStudiosMgrChannel\Saved Proyects\KellyBootloaderCode\KellyBootloader\main.c(1040,21): warning C4024: 'SetScreenAtribute': tipos distintos para el parámetro formal y el parámetro real 1
C:\Users\erick\OneDrive\ErickCraftStudiosMgrChannel\Saved Proyects\KellyBootloaderCode\KellyBootloader\main.c(1167,6): warning C4033: 'editor' debe devolver un valor
C:\Users\erick\OneDrive\ErickCraftStudiosMgrChannel\Saved Proyects\KellyBootloaderCode\KellyBootloader\main.c(1433,41): warning C4133: 'función': tipos incompatibles, de '_BINARY *' a 'UINT8 *'
C:\Users\erick\OneDrive\ErickCraftStudiosMgrChannel\Saved Proyects\KellyBootloaderCode\KellyBootloader\main.c(1733,41): warning C4133: 'función': tipos incompatibles, de '_BINARY *' a 'UINT8 *'
C:\Users\erick\OneDrive\ErickCraftStudiosMgrChannel\Saved Proyects\KellyBootloaderCode\KellyBootloader\main.c(1829,25): warning C4033: 'GetFileContent' debe devolver un valor
C:\Users\erick\OneDrive\ErickCraftStudiosMgrChannel\Saved Proyects\KellyBootloaderCode\KellyBootloader\main.c(1836,25): warning C4033: 'GetFileContent' debe devolver un valor
C:\Users\erick\OneDrive\ErickCraftStudiosMgrChannel\Saved Proyects\KellyBootloaderCode\KellyBootloader\main.c(1929,41): warning C4133: 'función': tipos incompatibles, de '_BINARY *' a 'UINT8 *'
C:\Users\erick\OneDrive\ErickCraftStudiosMgrChannel\Saved Proyects\KellyBootloaderCode\KellyBootloader\main.c(1975,5): warning C4033: 'GetFileContent' debe devolver un valor
C:\Users\erick\OneDrive\ErickCraftStudiosMgrChannel\Saved Proyects\KellyBootloaderCode\KellyBootloader\main.c(2036,20): warning C4047: 'función': 'INTN *' es distinto en los niveles de direccionamiento indirecto de 'int'
C:\Users\erick\OneDrive\ErickCraftStudiosMgrChannel\Saved Proyects\KellyBootloaderCode\KellyBootloader\main.c(2036,20): warning C4024: 'SetScreenAtribute': tipos distintos para el parámetro formal y el parámetro real 1
C:\Users\erick\OneDrive\ErickCraftStudiosMgrChannel\Saved Proyects\KellyBootloaderCode\KellyBootloader\main.c(2314,23): warning C4018: '<': no coinciden signed/unsigned
C:\Users\erick\OneDrive\ErickCraftStudiosMgrChannel\Saved Proyects\KellyBootloaderCode\KellyBootloader\main.c(2322,23): warning C4018: '<': no coinciden signed/unsigned
C:\Users\erick\OneDrive\ErickCraftStudiosMgrChannel\Saved Proyects\KellyBootloaderCode\KellyBootloader\main.c(2331,21): warning C4047: 'función': 'INTN *' es distinto en los niveles de direccionamiento indirecto de 'int'
C:\Users\erick\OneDrive\ErickCraftStudiosMgrChannel\Saved Proyects\KellyBootloaderCode\KellyBootloader\main.c(2331,21): warning C4024: 'SetScreenAtribute': tipos distintos para el parámetro formal y el parámetro real 1
C:\Users\erick\OneDrive\ErickCraftStudiosMgrChannel\Saved Proyects\KellyBootloaderCode\KellyBootloader\main.c(2380,21): warning C4047: 'función': 'INTN *' es distinto en los niveles de direccionamiento indirecto de 'int'
C:\Users\erick\OneDrive\ErickCraftStudiosMgrChannel\Saved Proyects\KellyBootloaderCode\KellyBootloader\main.c(2380,21): warning C4024: 'SetScreenAtribute': tipos distintos para el parámetro formal y el parámetro real 1
C:\Users\erick\OneDrive\ErickCraftStudiosMgrChannel\Saved Proyects\KellyBootloaderCode\KellyBootloader\main.c(2390,21): warning C4047: 'función': 'INTN *' es distinto en los niveles de direccionamiento indirecto de 'int'
C:\Users\erick\OneDrive\ErickCraftStudiosMgrChannel\Saved Proyects\KellyBootloaderCode\KellyBootloader\main.c(2390,21): warning C4024: 'SetScreenAtribute': tipos distintos para el parámetro formal y el parámetro real 1
C:\Users\erick\OneDrive\ErickCraftStudiosMgrChannel\Saved Proyects\KellyBootloaderCode\KellyBootloader\main.c(2394,21): warning C4047: 'función': 'INTN *' es distinto en los niveles de direccionamiento indirecto de 'int'
C:\Users\erick\OneDrive\ErickCraftStudiosMgrChannel\Saved Proyects\KellyBootloaderCode\KellyBootloader\main.c(2394,21): warning C4024: 'SetScreenAtribute': tipos distintos para el parámetro formal y el parámetro real 1
C:\Users\erick\OneDrive\ErickCraftStudiosMgrChannel\Saved Proyects\KellyBootloaderCode\KellyBootloader\main.c(2444,23): warning C4047: 'función': 'INTN *' es distinto en los niveles de direccionamiento indirecto de 'int'
C:\Users\erick\OneDrive\ErickCraftStudiosMgrChannel\Saved Proyects\KellyBootloaderCode\KellyBootloader\main.c(2444,23): warning C4024: 'SetScreenAtribute': tipos distintos para el parámetro formal y el parámetro real 1
C:\Users\erick\OneDrive\ErickCraftStudiosMgrChannel\Saved Proyects\KellyBootloaderCode\KellyBootloader\main.c(2449,25): warning C4047: 'función': 'INTN *' es distinto en los niveles de direccionamiento indirecto de 'int'
C:\Users\erick\OneDrive\ErickCraftStudiosMgrChannel\Saved Proyects\KellyBootloaderCode\KellyBootloader\main.c(2449,25): warning C4024: 'SetScreenAtribute': tipos distintos para el parámetro formal y el parámetro real 1
C:\Users\erick\OneDrive\ErickCraftStudiosMgrChannel\Saved Proyects\KellyBootloaderCode\KellyBootloader\main.c(2458,25): warning C4047: 'función': 'INTN *' es distinto en los niveles de direccionamiento indirecto de 'int'
C:\Users\erick\OneDrive\ErickCraftStudiosMgrChannel\Saved Proyects\KellyBootloaderCode\KellyBootloader\main.c(2458,25): warning C4024: 'SetScreenAtribute': tipos distintos para el parámetro formal y el parámetro real 1
C:\Users\erick\OneDrive\ErickCraftStudiosMgrChannel\Saved Proyects\KellyBootloaderCode\KellyBootloader\main.c(2510,21): warning C4047: 'función': 'INTN *' es distinto en los niveles de direccionamiento indirecto de 'int'
C:\Users\erick\OneDrive\ErickCraftStudiosMgrChannel\Saved Proyects\KellyBootloaderCode\KellyBootloader\main.c(2510,21): warning C4024: 'SetScreenAtribute': tipos distintos para el parámetro formal y el parámetro real 1
C:\Users\erick\OneDrive\ErickCraftStudiosMgrChannel\Saved Proyects\KellyBootloaderCode\KellyBootloader\main.c(2516,21): warning C4047: 'función': 'INTN *' es distinto en los niveles de direccionamiento indirecto de 'int'
C:\Users\erick\OneDrive\ErickCraftStudiosMgrChannel\Saved Proyects\KellyBootloaderCode\KellyBootloader\main.c(2516,21): warning C4024: 'SetScreenAtribute': tipos distintos para el parámetro formal y el parámetro real 1
C:\Users\erick\OneDrive\ErickCraftStudiosMgrChannel\Saved Proyects\KellyBootloaderCode\KellyBootloader\main.c(2521,21): warning C4047: 'función': 'INTN *' es distinto en los niveles de direccionamiento indirecto de 'int'
C:\Users\erick\OneDrive\ErickCraftStudiosMgrChannel\Saved Proyects\KellyBootloaderCode\KellyBootloader\main.c(2521,21): warning C4024: 'SetScreenAtribute': tipos distintos para el parámetro formal y el parámetro real 1
C:\Users\erick\OneDrive\ErickCraftStudiosMgrChannel\Saved Proyects\KellyBootloaderCode\KellyBootloader\main.c(2553,22): warning C4047: 'función': 'INTN *' es distinto en los niveles de direccionamiento indirecto de 'int'
C:\Users\erick\OneDrive\ErickCraftStudiosMgrChannel\Saved Proyects\KellyBootloaderCode\KellyBootloader\main.c(2553,22): warning C4024: 'SetScreenAtribute': tipos distintos para el parámetro formal y el parámetro real 1
C:\Users\erick\OneDrive\ErickCraftStudiosMgrChannel\Saved Proyects\KellyBootloaderCode\KellyBootloader\main.c(2669,20): warning C4047: 'función': 'INTN *' es distinto en los niveles de direccionamiento indirecto de 'int'
C:\Users\erick\OneDrive\ErickCraftStudiosMgrChannel\Saved Proyects\KellyBootloaderCode\KellyBootloader\main.c(2669,20): warning C4024: 'SetScreenAtribute': tipos distintos para el parámetro formal y el parámetro real 1
C:\Users\erick\OneDrive\ErickCraftStudiosMgrChannel\Saved Proyects\KellyBootloaderCode\KellyBootloader\main.c(2618,12): warning C4101: 'Event': variable local sin referencia
C:\Users\erick\OneDrive\ErickCraftStudiosMgrChannel\Saved Proyects\KellyBootloaderCode\KellyBootloader\.vs\msvc\Console.h(2339,1): warning C4716: 'YNConfirmation': debe devolver un valor
C:\Users\erick\OneDrive\ErickCraftStudiosMgrChannel\Saved Proyects\KellyBootloaderCode\KellyBootloader\.vs\msvc\ErickBinaryFormat.h(2596,1): warning C4715: 'SearchSpaceInOutpud': no todas las rutas de acceso de control devuelven un valor
C:\Users\erick\OneDrive\ErickCraftStudiosMgrChannel\Saved Proyects\KellyBootloaderCode\KellyBootloader\.vs\msvc\ErickBinaryFormat.h(1422,1): warning C4700: se utilizó la variable local 'search_s' sin inicializar
C:\Users\erick\OneDrive\ErickCraftStudiosMgrChannel\Saved Proyects\KellyBootloaderCode\KellyBootloader\.vs\msvc\ErickBinaryFormat.h(2594,1): warning C4172: dirección de devolución de variable local o temporal : vvm
C:\Users\erick\OneDrive\ErickCraftStudiosMgrChannel\Saved Proyects\KellyBootloaderCode\KellyBootloader\.vs\msvc\ErickBinaryFormat.h(2149,1): warning C4700: se utilizó la variable local 'search_s' sin inicializar
C:\Users\erick\OneDrive\ErickCraftStudiosMgrChannel\Saved Proyects\KellyBootloaderCode\KellyBootloader\.vs\msvc\ErickBinaryFormat.h(2188,1): warning C4700: se utilizó la variable local 'search_s' sin inicializar
C:\Users\erick\OneDrive\ErickCraftStudiosMgrChannel\Saved Proyects\KellyBootloaderCode\KellyBootloader\.vs\msvc\ErickBinaryFormat.h(2209,1): warning C4700: se utilizó la variable local 'search_s' sin inicializar
C:\Users\erick\OneDrive\ErickCraftStudiosMgrChannel\Saved Proyects\KellyBootloaderCode\KellyBootloader\.vs\msvc\ErickBinaryFormat.h(2230,1): warning C4700: se utilizó la variable local 'search_s' sin inicializar
C:\Users\erick\OneDrive\ErickCraftStudiosMgrChannel\Saved Proyects\KellyBootloaderCode\KellyBootloader\main.c(132,1): warning C4172: dirección de devolución de variable local o temporal : lines
C:\Users\erick\OneDrive\ErickCraftStudiosMgrChannel\Saved Proyects\KellyBootloaderCode\KellyBootloader\main.c(334,1): warning C4172: dirección de devolución de variable local o temporal : lines
C:\Users\erick\OneDrive\ErickCraftStudiosMgrChannel\Saved Proyects\KellyBootloaderCode\KellyBootloader\main.c(1257,1): warning C4715: 'editor': no todas las rutas de acceso de control devuelven un valor
C:\Users\erick\OneDrive\ErickCraftStudiosMgrChannel\Saved Proyects\KellyBootloaderCode\KellyBootloader\main.c(1994,1): warning C4715: 'GetFileContent': no todas las rutas de acceso de control devuelven un valor
C:\Users\erick\OneDrive\ErickCraftStudiosMgrChannel\Saved Proyects\KellyBootloaderCode\KellyBootloader\main.c(471,1): warning C4700: se utilizó la variable local 'Index' sin inicializar
C:\Users\erick\OneDrive\ErickCraftStudiosMgrChannel\Saved Proyects\KellyBootloaderCode\KellyBootloader\main.c(1030,1): warning C4700: se utilizó la variable local 'CurX' sin inicializar
C:\Users\erick\OneDrive\ErickCraftStudiosMgrChannel\Saved Proyects\KellyBootloaderCode\KellyBootloader\main.c(1193,1): warning C4172: dirección de devolución de variable local o temporal : text
  uefi-simple.vcxproj -> C:\Users\erick\OneDrive\ErickCraftStudiosMgrChannel\Saved Proyects\KellyBootloaderCode\KellyBootloader\x64\Debug\KellyBootloader.efi
